proguard/seeds.txt
es.pulimento.wifi.R$array: int preferences_updateintervals_names
es.pulimento.wifi.R$array: int preferences_updateintervals_values
es.pulimento.wifi.R$attr: int actionbarCompatItemHomeStyle
es.pulimento.wifi.R$attr: int actionbarCompatItemStyle
es.pulimento.wifi.R$attr: int actionbarCompatProgressIndicatorStyle
es.pulimento.wifi.R$attr: int actionbarCompatTitleStyle
es.pulimento.wifi.R$attr: int activeTextColor
es.pulimento.wifi.R$attr: int anchor
es.pulimento.wifi.R$attr: int backgroundColor
es.pulimento.wifi.R$attr: int borderDrawable
es.pulimento.wifi.R$attr: int button
es.pulimento.wifi.R$attr: int closedLimit
es.pulimento.wifi.R$attr: int content
es.pulimento.wifi.R$attr: int fadingEdgeColorHint
es.pulimento.wifi.R$attr: int fadingEdgeLength
es.pulimento.wifi.R$attr: int inactiveTextColor
es.pulimento.wifi.R$attr: int maskDrawable
es.pulimento.wifi.R$attr: int openOverlap
es.pulimento.wifi.R$attr: int paddingPush
es.pulimento.wifi.R$attr: int showBottomBar
es.pulimento.wifi.R$attr: int showTab
es.pulimento.wifi.R$attr: int showTopShadow
es.pulimento.wifi.R$attr: int tabColor
es.pulimento.wifi.R$attr: int tabHeight
es.pulimento.wifi.R$attr: int tabPadding
es.pulimento.wifi.R$color: int actionbar_title_color
es.pulimento.wifi.R$color: int pager_header_active_text_color
es.pulimento.wifi.R$color: int pager_header_background_color
es.pulimento.wifi.R$color: int pager_header_inactive_text_color
es.pulimento.wifi.R$color: int selectwireless_emptylist
es.pulimento.wifi.R$dimen: int actionbar_compat_button_home_width
es.pulimento.wifi.R$dimen: int actionbar_compat_button_width
es.pulimento.wifi.R$dimen: int actionbar_compat_height
es.pulimento.wifi.R$dimen: int log_item_gap_between_fields
es.pulimento.wifi.R$dimen: int log_item_header_padding_left
es.pulimento.wifi.R$dimen: int log_item_padding_bottom
es.pulimento.wifi.R$dimen: int log_item_padding_left
es.pulimento.wifi.R$dimen: int log_item_padding_right
es.pulimento.wifi.R$dimen: int log_item_padding_top
es.pulimento.wifi.R$dimen: int log_item_perferred_height
es.pulimento.wifi.R$dimen: int page_margin
es.pulimento.wifi.R$dimen: int pager_header_height
es.pulimento.wifi.R$dimen: int text_size_console
es.pulimento.wifi.R$dimen: int text_size_medium
es.pulimento.wifi.R$dimen: int title_height
es.pulimento.wifi.R$dimen: int title_shadow
es.pulimento.wifi.R$drawable: int actionbar_compat_item
es.pulimento.wifi.R$drawable: int actionbar_compat_item_focused
es.pulimento.wifi.R$drawable: int actionbar_compat_item_pressed
es.pulimento.wifi.R$drawable: int actionbar_shadow
es.pulimento.wifi.R$drawable: int btn_default_disabled_focused_holo_light
es.pulimento.wifi.R$drawable: int btn_default_disabled_holo_light
es.pulimento.wifi.R$drawable: int btn_default_focused_holo_light
es.pulimento.wifi.R$drawable: int btn_default_holo_light
es.pulimento.wifi.R$drawable: int btn_default_normal_holo_light
es.pulimento.wifi.R$drawable: int btn_default_pressed_holo_light
es.pulimento.wifi.R$drawable: int ic_home
es.pulimento.wifi.R$drawable: int ic_launcher
es.pulimento.wifi.R$drawable: int ic_locked
es.pulimento.wifi.R$drawable: int ic_menu_back
es.pulimento.wifi.R$drawable: int ic_menu_moreoverflow
es.pulimento.wifi.R$drawable: int ic_menu_preferences
es.pulimento.wifi.R$drawable: int ic_menu_share
es.pulimento.wifi.R$drawable: int ic_signal_1
es.pulimento.wifi.R$drawable: int ic_signal_2
es.pulimento.wifi.R$drawable: int ic_signal_3
es.pulimento.wifi.R$drawable: int ic_signal_4
es.pulimento.wifi.R$drawable: int ic_splashscreen
es.pulimento.wifi.R$drawable: int ic_unlocked
es.pulimento.wifi.R$drawable: int list_focused_holo
es.pulimento.wifi.R$drawable: int list_longpressed_holo
es.pulimento.wifi.R$drawable: int list_pressed_holo_light
...
android.support.v4.app.FragmentManagerState
android.support.v4.app.FragmentManagerState: android.os.Parcelable$Creator CREATOR
android.support.v4.app.FragmentState
android.support.v4.app.FragmentState: android.os.Parcelable$Creator CREATOR
android.support.v4.content.ModernAsyncTask$Status: android.support.v4.content.ModernAsyncTask$Status[] values()
android.support.v4.content.ModernAsyncTask$Status: android.support.v4.content.ModernAsyncTask$Status valueOf(java.lang.String)
android.support.v4.view.PagerTabStrip: void setTabIndicatorColor(int)
android.support.v4.view.PagerTabStrip: void setTabIndicatorColorResource(int)
android.support.v4.view.PagerTabStrip: int getTabIndicatorColor()
android.support.v4.view.PagerTabStrip: void setTextSpacing(int)
android.support.v4.view.PagerTabStrip: void setBackgroundDrawable(android.graphics.drawable.Drawable)
android.support.v4.view.PagerTabStrip: void setBackgroundColor(int)
android.support.v4.view.PagerTabStrip: void setBackgroundResource(int)
android.support.v4.view.PagerTabStrip: void setDrawFullUnderline(boolean)
android.support.v4.view.PagerTabStrip: boolean getDrawFullUnderline()
android.support.v4.view.PagerTabStrip: int getMinHeight()
android.support.v4.view.PagerTitleStrip: void setSingleLineAllCaps(android.widget.TextView)
android.support.v4.view.PagerTitleStrip: void setTextSpacing(int)
android.support.v4.view.PagerTitleStrip: int getTextSpacing()
android.support.v4.view.PagerTitleStrip: void setNonPrimaryAlpha(float)
android.support.v4.view.PagerTitleStrip: void setTextColor(int)
android.support.v4.view.PagerTitleStrip: void setGravity(int)
android.support.v4.view.PagerTitleStrip: int getMinHeight()
android.support.v4.view.ViewPager
android.support.v4.view.ViewPager: ViewPager(android.content.Context)
android.support.v4.view.ViewPager: ViewPager(android.content.Context,android.util.AttributeSet)
android.support.v4.view.ViewPager: void setScrollState(int)
android.support.v4.view.ViewPager: void setAdapter(android.support.v4.view.PagerAdapter)
android.support.v4.view.ViewPager: android.support.v4.view.PagerAdapter getAdapter()
android.support.v4.view.ViewPager: void setOnAdapterChangeListener(android.support.v4.view.ViewPager$OnAdapterChangeListener)
android.support.v4.view.ViewPager: void setCurrentItem(int)
android.support.v4.view.ViewPager: int getCurrentItem()
android.support.v4.view.ViewPager: void setOnPageChangeListener(android.support.v4.view.ViewPager$OnPageChangeListener)
android.support.v4.view.ViewPager: int getOffscreenPageLimit()
android.support.v4.view.ViewPager: void setOffscreenPageLimit(int)
android.support.v4.view.ViewPager: void setPageMargin(int)
android.support.v4.view.ViewPager: int getPageMargin()
android.support.v4.view.ViewPager: void setPageMarginDrawable(android.graphics.drawable.Drawable)
android.support.v4.view.ViewPager: void setPageMarginDrawable(int)
android.support.v4.view.ViewPager: void setScrollingCacheEnabled(boolean)
android.support.v4.view.ViewPager$SavedState
android.support.v4.view.ViewPager$SavedState: android.os.Parcelable$Creator CREATOR
com.google.ads.AdActivity
com.google.ads.AdActivity: AdActivity()
com.google.ads.AdActivity: void onClick(android.view.View)
com.google.ads.AdRequest$ErrorCode: com.google.ads.AdRequest$ErrorCode[] values()
com.google.ads.AdRequest$ErrorCode: com.google.ads.AdRequest$ErrorCode valueOf(java.lang.String)
com.google.ads.AdRequest$Gender: com.google.ads.AdRequest$Gender[] values()
com.google.ads.AdRequest$Gender: com.google.ads.AdRequest$Gender valueOf(java.lang.String)
com.google.ads.AdView
com.google.ads.AdView: AdView(android.app.Activity,com.google.ads.AdSize,java.lang.String)
com.google.ads.AdView: AdView(android.content.Context,android.util.AttributeSet)
com.google.ads.AdView: AdView(android.content.Context,android.util.AttributeSet,int)
com.google.ads.AdView: void setAdListener(com.google.ads.AdListener)