proguard/mapping.txt
es.pulimento.wifi.R -> es.pulimento.wifi.a:
es.pulimento.wifi.R$styleable -> es.pulimento.wifi.b:
    int[] AppTheme -> AppTheme
    int AppTheme_actionbarCompatItemHomeStyle -> AppTheme_actionbarCompatItemHomeStyle
    int AppTheme_actionbarCompatItemStyle -> AppTheme_actionbarCompatItemStyle
    int AppTheme_actionbarCompatProgressIndicatorStyle -> AppTheme_actionbarCompatProgressIndicatorStyle
    int AppTheme_actionbarCompatTitleStyle -> AppTheme_actionbarCompatTitleStyle
    int[] BezelImageView -> BezelImageView
    int BezelImageView_borderDrawable -> BezelImageView_borderDrawable
    int BezelImageView_maskDrawable -> BezelImageView_maskDrawable
    int[] PagerHeader -> PagerHeader
    int PagerHeader_activeTextColor -> PagerHeader_activeTextColor
    int PagerHeader_backgroundColor -> PagerHeader_backgroundColor
    int PagerHeader_fadingEdgeColorHint -> PagerHeader_fadingEdgeColorHint
    int PagerHeader_fadingEdgeLength -> PagerHeader_fadingEdgeLength
    int PagerHeader_inactiveTextColor -> PagerHeader_inactiveTextColor
    int PagerHeader_paddingPush -> PagerHeader_paddingPush
    int PagerHeader_showBottomBar -> PagerHeader_showBottomBar
    int PagerHeader_showTab -> PagerHeader_showTab
    int PagerHeader_showTopShadow -> PagerHeader_showTopShadow
    int PagerHeader_tabColor -> PagerHeader_tabColor
    int PagerHeader_tabHeight -> PagerHeader_tabHeight
    int PagerHeader_tabPadding -> PagerHeader_tabPadding
    int[] SlidingPanel -> SlidingPanel
es.pulimento.wifi.core.CrackNetwork -> es.pulimento.wifi.core.a:
    es.pulimento.wifi.core.algorithms.AlgorithmList algorithms -> a
    es.pulimento.wifi.core.WirelessNetwork$WirelessEncryption mCapabilities -> b
    java.lang.String mESSID -> c
    java.lang.String mBSSID -> d
    boolean isCrackeable() -> a
    java.lang.String crackNetwork() -> b
es.pulimento.wifi.core.WirelessNetwork -> es.pulimento.wifi.core.WirelessNetwork:
    java.util.HashMap mDatabase -> a
    java.lang.String mEssid -> b
    java.lang.String mBssid -> c
    boolean mCrackeable -> d
    int mSignal -> e
    java.util.ArrayList mPasswords -> f
    es.pulimento.wifi.core.WirelessNetwork$WirelessEncryption mCapabilities -> g
    android.os.Parcelable$Creator CREATOR -> CREATOR
    void writeToParcel(android.os.Parcel,int) -> writeToParcel
    int describeContents() -> describeContents
    java.lang.String getEssid() -> a
    int getSignal() -> b
    java.lang.String getBssid() -> c
    java.util.ArrayList getPasswords() -> d
    void crack() -> e
    boolean isCrackeable() -> f
    es.pulimento.wifi.core.WirelessNetwork$WirelessEncryption getCapabilities() -> g
    int compareTo(es.pulimento.wifi.core.WirelessNetwork) -> a
    java.lang.String toString() -> toString
    int compareTo(java.lang.Object) -> compareTo
es.pulimento.wifi.core.WirelessNetwork$1 -> es.pulimento.wifi.core.b:
    es.pulimento.wifi.core.WirelessNetwork createFromParcel(android.os.Parcel) -> a
    es.pulimento.wifi.core.WirelessNetwork[] newArray(int) -> a
    java.lang.Object createFromParcel(android.os.Parcel) -> createFromParcel
    java.lang.Object[] newArray(int) -> newArray
...
android.support.v4.view.VelocityTrackerCompatHoneycomb -> android.support.v4.view.ac:
    float getXVelocity(android.view.VelocityTracker,int) -> a
android.support.v4.view.ViewCompat -> android.support.v4.view.ad:
    android.support.v4.view.ViewCompat$ViewCompatImpl IMPL -> a
    boolean canScrollHorizontally(android.view.View,int) -> a
    int getOverScrollMode(android.view.View) -> a
    void setAccessibilityDelegate(android.view.View,android.support.v4.view.AccessibilityDelegateCompat) -> a
    void postInvalidateOnAnimation(android.view.View) -> b
    int getImportantForAccessibility(android.view.View) -> c
    void setImportantForAccessibility(android.view.View,int) -> b
android.support.v4.view.ViewCompat$BaseViewCompatImpl -> android.support.v4.view.ae:
    boolean canScrollHorizontally(android.view.View,int) -> a
    int getOverScrollMode(android.view.View) -> a
    void setAccessibilityDelegate(android.view.View,android.support.v4.view.AccessibilityDelegateCompat) -> a
    void postInvalidateOnAnimation(android.view.View) -> b
    long getFrameTime() -> a
    int getImportantForAccessibility(android.view.View) -> c
    void setImportantForAccessibility(android.view.View,int) -> b
android.support.v4.view.ViewCompat$GBViewCompatImpl -> android.support.v4.view.af:
    int getOverScrollMode(android.view.View) -> a
android.support.v4.view.ViewCompat$HCViewCompatImpl -> android.support.v4.view.ag:
    long getFrameTime() -> a
android.support.v4.view.ViewCompat$ICSViewCompatImpl -> android.support.v4.view.ah:
    boolean canScrollHorizontally(android.view.View,int) -> a
    void setAccessibilityDelegate(android.view.View,android.support.v4.view.AccessibilityDelegateCompat) -> a
android.support.v4.view.ViewCompat$JBViewCompatImpl -> android.support.v4.view.ai:
    void postInvalidateOnAnimation(android.view.View) -> b
    int getImportantForAccessibility(android.view.View) -> c
    void setImportantForAccessibility(android.view.View,int) -> b
android.support.v4.view.ViewCompat$ViewCompatImpl -> android.support.v4.view.aj:
    boolean canScrollHorizontally(android.view.View,int) -> a
    int getOverScrollMode(android.view.View) -> a
    void setAccessibilityDelegate(android.view.View,android.support.v4.view.AccessibilityDelegateCompat) -> a
    void postInvalidateOnAnimation(android.view.View) -> b
    int getImportantForAccessibility(android.view.View) -> c
    void setImportantForAccessibility(android.view.View,int) -> b
android.support.v4.view.ViewCompatGingerbread -> android.support.v4.view.ak:
    int getOverScrollMode(android.view.View) -> a
android.support.v4.view.ViewCompatHC -> android.support.v4.view.al:
    long getFrameTime() -> a
android.support.v4.view.ViewCompatICS -> android.support.v4.view.am:
    boolean canScrollHorizontally(android.view.View,int) -> a
    void setAccessibilityDelegate(android.view.View,java.lang.Object) -> a
android.support.v4.view.ViewCompatJB -> android.support.v4.view.an:
    void postInvalidateOnAnimation(android.view.View) -> a
    int getImportantForAccessibility(android.view.View) -> b
    void setImportantForAccessibility(android.view.View,int) -> a
android.support.v4.view.ViewConfigurationCompat -> android.support.v4.view.ao:
    android.support.v4.view.ViewConfigurationCompat$ViewConfigurationVersionImpl IMPL -> a
    int getScaledPagingTouchSlop(android.view.ViewConfiguration) -> a
android.support.v4.view.ViewConfigurationCompat$BaseViewConfigurationVersionImpl -> android.support.v4.view.ap:
    int getScaledPagingTouchSlop(android.view.ViewConfiguration) -> a
android.support.v4.view.ViewConfigurationCompat$FroyoViewConfigurationVersionImpl -> android.support.v4.view.aq:
    int getScaledPagingTouchSlop(android.view.ViewConfiguration) -> a
android.support.v4.view.ViewConfigurationCompat$ViewConfigurationVersionImpl -> android.support.v4.view.ar:
    int getScaledPagingTouchSlop(android.view.ViewConfiguration) -> a