proguard/usage.txt
es.pulimento.wifi.BuildConfig
es.pulimento.wifi.R:
    10:10:public R()
es.pulimento.wifi.R$array
es.pulimento.wifi.R$attr
es.pulimento.wifi.R$color
es.pulimento.wifi.R$dimen
es.pulimento.wifi.R$drawable
es.pulimento.wifi.R$id
es.pulimento.wifi.R$layout
es.pulimento.wifi.R$menu
es.pulimento.wifi.R$string
es.pulimento.wifi.R$style
es.pulimento.wifi.R$styleable:
    544:544:public R$styleable()
es.pulimento.wifi.R$xml
es.pulimento.wifi.core.algorithms.AlgorithmList:
    private static final long serialVersionUID
es.pulimento.wifi.core.algorithms.InfostradaAlgorithm
es.pulimento.wifi.ui.HomeActivity$PagerAdapter:
    135:136:public void addPage(java.lang.Class,java.lang.String)
es.pulimento.wifi.ui.Preferences:
    public static final java.lang.String PREFERENCES_NAME
    public static final java.lang.String PREFERENCES_AUTOUPDATE_KEY
    public static final java.lang.String PREFERENCES_VIBRATEUPDATE_KEY
    public static final java.lang.String PREFERENCES_UPDATEINTERVAL_KEY
    public static final boolean PREFERENCES_AUTOUPDATE_DEFAULT
    public static final boolean PREFERENCES_VIBRATEUPDATE_DEFAULT
    public static final java.lang.String PREFERENCES_UPDATEINTERVAL_DEFAULT
es.pulimento.wifi.ui.SelectWirelessNetworkFragment:
    protected static final boolean D
es.pulimento.wifi.ui.ShowPassActivity:
    public static final java.lang.String EXTRA_NETWORK
es.pulimento.wifi.ui.utils.UpdateChecker:
    public static final int MSG_UPDATE_DONE
es.pulimento.wifi.ui.utils.WifiEnabler:
    public static final int MSG_WIFI_ENABLED
es.pulimento.wifi.ui.utils.github.Download:
    20:23:public Download(java.lang.String,java.lang.String)
    26:27:public void setUrl(java.lang.String)
    34:35:public void setVersion(java.lang.String)
es.pulimento.wifi.ui.utils.github.Issue:
    25:25:public java.lang.String getTitle()
    29:30:public void setTitle(java.lang.String)
    33:33:public java.lang.String getBody()
    37:38:public void setBody(java.lang.String)
    41:41:public org.json.JSONArray getLabels()
    45:46:public void addLabel(java.lang.String)
es.pulimento.wifi.ui.views.ActionBarActivity:
    38:38:protected es.pulimento.wifi.ui.views.ActionBarHelper getActionBarHelper()
es.pulimento.wifi.ui.views.ActionBarHelper:
    public abstract void setRefreshActionItemState(boolean)
es.pulimento.wifi.ui.views.ActionBarHelperHoneycomb:
    47:60:public void setRefreshActionItemState(boolean)
    68:68:protected android.content.Context getActionBarThemedContext()
es.pulimento.wifi.ui.views.ActionBarHelperICS:
    34:34:protected android.content.Context getActionBarThemedContext()
es.pulimento.wifi.ui.views.ActionBarHelperPreGingerbread:
    private static final java.lang.String MENU_RES_NAMESPACE
    private static final java.lang.String MENU_ATTR_ID
    private static final java.lang.String MENU_ATTR_SHOW_AS_ACTION
    142:150:public void setRefreshActionItemState(boolean)
es.pulimento.wifi.ui.views.PagerHeader:
    private static final int LEFT_ZONE
    private static final int MIDDLE_ZONE
    private static final int RIGHT_ZONE
es.pulimento.wifi.ui.views.SlidingPanel
es.pulimento.wifi.ui.views.SlidingPanel$AnimationFiller
es.pulimento.wifi.ui.views.SlidingPanel$Toggler
...
com.google.ads.h$2
com.google.ads.internal.c:
    433:449:protected void a()
com.google.ads.internal.d:
    284:292:public synchronized void b()
    487:487:public synchronized boolean q()
    668:672:public synchronized void a(com.google.ads.f,boolean)
    797:808:private void b(com.google.ads.f,java.lang.Boolean)
    988:1017:public synchronized void y()
    1026:1035:public synchronized void z()
    1139:1139:public java.lang.Boolean C()
com.google.ads.j:
    private boolean b
    32:64:public void onReceivedAd(com.google.ads.mediation.MediationBannerAdapter)
    70:82:public void onFailedToReceiveAd(com.google.ads.mediation.MediationBannerAdapter,com.google.ads.AdRequest$ErrorCode)
    87:90:public void onPresentScreen(com.google.ads.mediation.MediationBannerAdapter)
    94:97:public void onDismissScreen(com.google.ads.mediation.MediationBannerAdapter)
    101:104:public void onLeaveApplication(com.google.ads.mediation.MediationBannerAdapter)
    108:112:public void onClick(com.google.ads.mediation.MediationBannerAdapter)
com.google.ads.k:
    27:38:public void onReceivedAd(com.google.ads.mediation.MediationInterstitialAdapter)
    43:56:public void onFailedToReceiveAd(com.google.ads.mediation.MediationInterstitialAdapter,com.google.ads.AdRequest$ErrorCode)
    61:64:public void onPresentScreen(com.google.ads.mediation.MediationInterstitialAdapter)
    69:72:public void onDismissScreen(com.google.ads.mediation.MediationInterstitialAdapter)
    76:79:public void onLeaveApplication(com.google.ads.mediation.MediationInterstitialAdapter)
com.google.ads.mediation.EmptyNetworkExtras
com.google.ads.mediation.MediationAdRequest:
    53:53:public com.google.ads.AdRequest$Gender getGender()
    60:60:public java.util.Date getBirthday()
    68:82:public java.lang.Integer getAgeInYears()
    89:93:public java.util.Set getKeywords()
    101:105:public android.location.Location getLocation()
    115:115:public boolean isTesting()
com.google.ads.mediation.MediationBannerAdapter:
    public abstract android.view.View getBannerView()
com.google.ads.mediation.MediationBannerListener:
    public abstract void onReceivedAd(com.google.ads.mediation.MediationBannerAdapter)
    public abstract void onFailedToReceiveAd(com.google.ads.mediation.MediationBannerAdapter,com.google.ads.AdRequest$ErrorCode)
    public abstract void onPresentScreen(com.google.ads.mediation.MediationBannerAdapter)
    public abstract void onDismissScreen(com.google.ads.mediation.MediationBannerAdapter)
    public abstract void onLeaveApplication(com.google.ads.mediation.MediationBannerAdapter)
    public abstract void onClick(com.google.ads.mediation.MediationBannerAdapter)
com.google.ads.mediation.MediationInterstitialAdapter:
    public abstract void showInterstitial()
com.google.ads.mediation.MediationInterstitialListener:
    public abstract void onReceivedAd(com.google.ads.mediation.MediationInterstitialAdapter)
    public abstract void onFailedToReceiveAd(com.google.ads.mediation.MediationInterstitialAdapter,com.google.ads.AdRequest$ErrorCode)
    public abstract void onPresentScreen(com.google.ads.mediation.MediationInterstitialAdapter)
    public abstract void onDismissScreen(com.google.ads.mediation.MediationInterstitialAdapter)
    public abstract void onLeaveApplication(com.google.ads.mediation.MediationInterstitialAdapter)
com.google.ads.mediation.admob.AdMobAdapter
com.google.ads.mediation.admob.AdMobAdapter$1
com.google.ads.mediation.admob.AdMobAdapter$a
com.google.ads.mediation.admob.AdMobAdapter$b